Release 14.7 - xst P.20131013 (nt64)
Copyright (c) 1995-2013 Xilinx, Inc.  All rights reserved.
--> Parameter TMPDIR set to xst/projnav.tmp


Total REAL time to Xst completion: 0.00 secs
Total CPU time to Xst completion: 0.33 secs
 
--> Parameter xsthdpdir set to xst


Total REAL time to Xst completion: 0.00 secs
Total CPU time to Xst completion: 0.33 secs
 
--> Reading design: Gate_Level_FSM.prj

TABLE OF CONTENTS
  1) Synthesis Options Summary
  2) HDL Parsing
  3) HDL Elaboration
  4) HDL Synthesis
       4.1) HDL Synthesis Report
  5) Advanced HDL Synthesis
       5.1) Advanced HDL Synthesis Report
  6) Low Level Synthesis
  7) Partition Report
  8) Design Summary
       8.1) Primitive and Black Box Usage
       8.2) Device utilization summary
       8.3) Partition Resource Summary
       8.4) Timing Report
            8.4.1) Clock Information
            8.4.2) Asynchronous Control Signals Information
            8.4.3) Timing Summary
            8.4.4) Timing Details
            8.4.5) Cross Clock Domains Report


=========================================================================
*                      Synthesis Options Summary                        *
=========================================================================
---- Source Parameters
Input File Name                    : "Gate_Level_FSM.prj"
Ignore Synthesis Constraint File   : NO

---- Target Parameters
Output File Name                   : "Gate_Level_FSM"
Output Format                      : NGC
Target Device                      : xc6slx9-2-tqg144

---- Source Options
Top Module Name                    : Gate_Level_FSM
Automatic FSM Extraction           : YES
FSM Encoding Algorithm             : Auto
Safe Implementation                : No
FSM Style                          : LUT
RAM Extraction                     : Yes
RAM Style                          : Auto
ROM Extraction                     : Yes
Shift Register Extraction          : YES
ROM Style                          : Auto
Resource Sharing                   : YES
Asynchronous To Synchronous        : NO
Shift Register Minimum Size        : 2
Use DSP Block                      : Auto
Automatic Register Balancing       : No

---- Target Options
LUT Combining                      : Auto
Reduce Control Sets                : Auto
Add IO Buffers                     : YES
Global Maximum Fanout              : 100000
Add Generic Clock Buffer(BUFG)     : 16
Register Duplication               : YES
Optimize Instantiated Primitives   : NO
Use Clock Enable                   : Auto
Use Synchronous Set                : Auto
Use Synchronous Reset              : Auto
Pack IO Registers into IOBs        : Auto
Equivalent register Removal        : YES

---- General Options
Optimization Goal                  : Speed
Optimization Effort                : 1
Power Reduction                    : NO
Keep Hierarchy                     : No
Netlist Hierarchy                  : As_Optimized
RTL Output                         : Yes
Global Optimization                : AllClockNets
Read Cores                         : YES
Write Timing Constraints           : NO
Cross Clock Analysis               : NO
Hierarchy Separator                : /
Bus Delimiter                      : <>
Case Specifier                     : Maintain
Slice Utilization Ratio            : 100
BRAM Utilization Ratio             : 100
DSP48 Utilization Ratio            : 100
Auto BRAM Packing                  : NO
Slice Utilization Ratio Delta      : 5

=========================================================================


=========================================================================
*                          HDL Parsing                                  *
=========================================================================
Analyzing Verilog file "C:\Users\M.Amin\Desktop\Ali_Reza_Alivand\Gate_Level_FSM_delay\TFF.v" into library work
Parsing module <TFF>.
Analyzing Verilog file "C:\Users\M.Amin\Desktop\Ali_Reza_Alivand\Gate_Level_FSM_delay\Gate_Level_FSM.v" into library work
Parsing module <Gate_Level_FSM>.

=========================================================================
*                            HDL Elaboration                            *
=========================================================================

Elaborating module <Gate_Level_FSM>.

Elaborating module <TFF>.

=========================================================================
*                           HDL Synthesis                               *
=========================================================================

Synthesizing Unit <Gate_Level_FSM>.
    Related source file is "C:\Users\M.Amin\Desktop\Ali_Reza_Alivand\Gate_Level_FSM_delay\Gate_Level_FSM.v".
    Summary:
	no macro.
Unit <Gate_Level_FSM> synthesized.

Synthesizing Unit <TFF>.
    Related source file is "C:\Users\M.Amin\Desktop\Ali_Reza_Alivand\Gate_Level_FSM_delay\TFF.v".
    Found 1-bit register for signal <Q>.
    Summary:
	inferred   1 D-type flip-flop(s).
Unit <TFF> synthesized.

=========================================================================
HDL Synthesis Report

Macro Statistics
# Registers                                            : 3
 1-bit register                                        : 3

=========================================================================

=========================================================================
*                       Advanced HDL Synthesis                          *
=========================================================================


=========================================================================
Advanced HDL Synthesis Report

Macro Statistics
# Registers                                            : 3
 Flip-Flops                                            : 3

=========================================================================

=========================================================================
*                         Low Level Synthesis                           *
=========================================================================

Optimizing unit <Gate_Level_FSM> ...

Mapping all equations...
Building and optimizing final netlist ...
Found area constraint ratio of 100 (+ 5) on block Gate_Level_FSM, actual ratio is 0.

Final Macro Processing ...

=========================================================================
Final Register Report

Macro Statistics
# Registers                                            : 3
 Flip-Flops                                            : 3

=========================================================================

=========================================================================
*                           Partition Report                            *
=========================================================================

Partition Implementation Status
-------------------------------

  No Partitions were found in this design.

-------------------------------

=========================================================================
*                            Design Summary                             *
=========================================================================

Top Level Output File Name         : Gate_Level_FSM.ngc

Primitive and Black Box Usage:
------------------------------
# BELS                             : 4
#      INV                         : 1
#      LUT3                        : 2
#      LUT4                        : 1
# FlipFlops/Latches                : 3
#      FDR                         : 2
#      FDRE                        : 1
# Clock Buffers                    : 1
#      BUFGP                       : 1
# IO Buffers                       : 4
#      IBUF                        : 2
#      OBUF                        : 2

Device utilization summary:
---------------------------

Selected Device : 6slx9tqg144-2 


Slice Logic Utilization: 
 Number of Slice Registers:               3  out of  11440     0%  
 Number of Slice LUTs:                    4  out of   5720     0%  
    Number used as Logic:                 4  out of   5720     0%  

Slice Logic Distribution: 
 Number of LUT Flip Flop pairs used:      7
   Number with an unused Flip Flop:       4  out of      7    57%  
   Number with an unused LUT:             3  out of      7    42%  
   Number of fully used LUT-FF pairs:     0  out of      7     0%  
   Number of unique control sets:         2

IO Utilization: 
 Number of IOs:                           5
 Number of bonded IOBs:                   5  out of    102     4%  

Specific Feature Utilization:
 Number of BUFG/BUFGCTRLs:                1  out of     16     6%  

---------------------------
Partition Resource Summary:
---------------------------

  No Partitions were found in this design.

---------------------------


=========================================================================
Timing Report

NOTE: THESE TIMING NUMBERS ARE ONLY A SYNTHESIS ESTIMATE.
      FOR ACCURATE TIMING INFORMATION PLEASE REFER TO THE TRACE REPORT
      GENERATED AFTER PLACE-and-ROUTE.

Clock Information:
------------------
-----------------------------------+------------------------+-------+
Clock Signal                       | Clock buffer(FF name)  | Load  |
-----------------------------------+------------------------+-------+
clock                              | BUFGP                  | 3     |
-----------------------------------+------------------------+-------+

Asynchronous Control Signals Information:
----------------------------------------
No asynchronous control signals found in this design

Timing Summary:
---------------
Speed Grade: -2

   Minimum period: 2.338ns (Maximum Frequency: 427.716MHz)
   Minimum input arrival time before clock: 2.698ns
   Maximum output required time after clock: 5.385ns
   Maximum combinational path delay: No path found

Timing Details:
---------------
All values displayed in nanoseconds (ns)

=========================================================================
Timing constraint: Default period analysis for Clock 'clock'
  Clock period: 2.338ns (frequency: 427.716MHz)
  Total number of paths / destination ports: 6 / 3
-------------------------------------------------------------------------
Delay:               2.338ns (Levels of Logic = 1)
  Source:            U3/Q (FF)
  Destination:       U3/Q (FF)
  Source Clock:      clock rising
  Destination Clock: clock rising

  Data Path: U3/Q to U3/Q
                                Gate     Net
    Cell:in->out      fanout   Delay   Delay  Logical Name (Net Name)
    ----------------------------------------  ------------
     FDRE:C->Q             4   0.525   0.803  U3/Q (U3/Q)
     INV:I->O              1   0.255   0.681  U3/Q_INV_2_o1_INV_0 (U3/Q_INV_2_o)
     FDRE:D                    0.074          U3/Q
    ----------------------------------------
    Total                      2.338ns (0.854ns logic, 1.484ns route)
                                       (36.5% logic, 63.5% route)

=========================================================================
Timing constraint: Default OFFSET IN BEFORE for Clock 'clock'
  Total number of paths / destination ports: 6 / 6
-------------------------------------------------------------------------
Offset:              2.698ns (Levels of Logic = 2)
  Source:            x (PAD)
  Destination:       U1/Q (FF)
  Destination Clock: clock rising

  Data Path: x to U1/Q
                                Gate     Net
    Cell:in->out      fanout   Delay   Delay  Logical Name (Net Name)
    ----------------------------------------  ------------
     IBUF:I->O             3   1.328   1.042  x_IBUF (x_IBUF)
     LUT4:I0->O            1   0.254   0.000  U1/Q_rstpot (U1/Q_rstpot)
     FDR:D                     0.074          U1/Q
    ----------------------------------------
    Total                      2.698ns (1.656ns logic, 1.042ns route)
                                       (61.4% logic, 38.6% route)

=========================================================================
Timing constraint: Default OFFSET OUT AFTER for Clock 'clock'
  Total number of paths / destination ports: 4 / 2
-------------------------------------------------------------------------
Offset:              5.385ns (Levels of Logic = 2)
  Source:            U3/Q (FF)
  Destination:       Z<1> (PAD)
  Source Clock:      clock rising

  Data Path: U3/Q to Z<1>
                                Gate     Net
    Cell:in->out      fanout   Delay   Delay  Logical Name (Net Name)
    ----------------------------------------  ------------
     FDRE:C->Q             4   0.525   1.032  U3/Q (U3/Q)
     LUT3:I0->O            1   0.235   0.681  out21 (Z_1_OBUF)
     OBUF:I->O                 2.912          Z_1_OBUF (Z<1>)
    ----------------------------------------
    Total                      5.385ns (3.672ns logic, 1.713ns route)
                                       (68.2% logic, 31.8% route)

=========================================================================

Cross Clock Domains Report:
--------------------------

Clock to Setup on destination clock clock
---------------+---------+---------+---------+---------+
               | Src:Rise| Src:Fall| Src:Rise| Src:Fall|
Source Clock   |Dest:Rise|Dest:Rise|Dest:Fall|Dest:Fall|
---------------+---------+---------+---------+---------+
clock          |    2.338|         |         |         |
---------------+---------+---------+---------+---------+

=========================================================================


Total REAL time to Xst completion: 7.00 secs
Total CPU time to Xst completion: 7.20 secs
 
--> 

Total memory usage is 4486180 kilobytes

Number of errors   :    0 (   0 filtered)
Number of warnings :    0 (   0 filtered)
Number of infos    :    0 (   0 filtered)

